2022-12-13 13:47:40 PRESSED 5
2022-12-13 13:47:41 PRESSED 6
2022-12-13 13:47:43 CLEAR 
2022-12-13 13:47:44 PRESSED 2
2022-12-13 13:47:44 PRESSED 5
2022-12-13 13:47:48 CALCULATE 25
2022-12-13 13:47:48 RESULT 25
2022-12-13 13:48:49 PRESSED 2
2022-12-13 13:48:50 PRESSED 5
2022-12-13 13:49:04 PRESSED 5
2022-12-13 13:49:05 PRESSED 6
2022-12-13 13:49:08 PRESSED -
2022-12-13 13:49:09 PRESSED 6
2022-12-13 13:49:10 PRESSED 5
2022-12-13 13:49:11 CALCULATE 56-65
2022-12-13 13:49:11 RESULT -9
2022-12-13 15:11:37 PRESSED 5
2022-12-13 15:11:42 PRESSED 5
2022-12-13 15:11:43 PRESSED 6
2022-12-13 15:11:44 PRESSED 3
2022-12-13 15:11:46 PRESSED -
2022-12-13 15:11:46 PRESSED 6
2022-12-13 15:11:47 PRESSED 3
2022-12-13 15:11:50 CALCULATE 5563-63
2022-12-13 15:11:50 RESULT 5500
