2022-12-13 03:17:26 PRESSED 4
2022-12-13 03:17:27 PRESSED 5
2022-12-13 03:17:29 PRESSED *
2022-12-13 03:17:30 PRESSED 2
2022-12-13 03:17:31 PRESSED 6
2022-12-13 03:17:33 PRESSED -
2022-12-13 03:17:35 PRESSED 2
2022-12-13 03:17:37 PRESSED +
2022-12-13 03:17:38 PRESSED (
2022-12-13 03:17:39 PRESSED 6
2022-12-13 03:17:39 PRESSED 2
2022-12-13 03:17:41 PRESSED .
2022-12-13 03:17:42 PRESSED 1
2022-12-13 03:17:42 PRESSED 2
2022-12-13 03:17:43 PRESSED ^
2022-12-13 03:17:44 PRESSED 3
2022-12-13 03:17:45 PRESSED )
2022-12-13 03:17:50 PRESSED /
2022-12-13 03:17:51 PRESSED 6
2022-12-13 03:17:53 PRESSED 9
2022-12-13 03:17:55 CALCULATE 45*26-2+(62.12^3)/69
2022-12-13 03:17:55 RESULT 4642.123480115942
2022-12-13 03:18:00 CLEAR 
2022-12-13 03:18:02 PRESSED 1
2022-12-13 03:18:03 PRESSED /
2022-12-13 03:18:04 PRESSED 0
2022-12-13 03:18:05 CALCULATE 1/0
2022-12-13 03:18:05 RESULT ERROR
2022-12-13 03:18:08 CLEAR 
2022-12-13 03:26:23 PRESSED 1
2022-12-13 03:26:24 PRESSED /
2022-12-13 03:26:25 PRESSED 0
2022-12-13 03:26:28 CALCULATE 1/0
2022-12-13 03:26:28 RESULT ERROR
